<?xml version="1.0" encoding="UTF-8"?>
<!-- Generated by org.testng.reporters.JUnitReportReporter -->
<testsuite hostname="Maruf" name="com.infix.SikuiliHeatclinicTest" tests="1" failures="0" timestamp="6 Dec 2015 14:41:28 GMT" time="51.650" errors="0">
  <testcase name="f" time="51.650" classname="com.infix.SikuiliHeatclinicTest"/>
</testsuite> <!-- com.infix.SikuiliHeatclinicTest -->
